<?xml version="1.0" encoding="UTF-8"?>
<!-- Generated by org.testng.reporters.JUnitXMLReporter -->
<testsuite hostname="DESKTOP-ACILHS4" ignored="0" name="Test" tests="7" failures="0" timestamp="17 Aug 2020 12:55:47 GMT" time="14.33" errors="0">
  <testcase name="createATicket" time="4.662" classname="co.setu.api.automation.CreateJiraTicket"/>
  <testcase name="createATicket" time="2.432" classname="co.setu.api.automation.CreateJiraTicket"/>
  <testcase name="createATicket" time="2.203" classname="co.setu.api.automation.CreateJiraTicket"/>
  <testcase name="createATicket" time="2.284" classname="co.setu.api.automation.CreateJiraTicket"/>
  <testcase name="createATicket" time="2.082" classname="co.setu.api.automation.CreateJiraTicket"/>
  <testcase name="createATicket" time="0.0" classname="co.setu.api.automation.CreateJiraTicket"/>
  <testcase name="createATicket" time="0.003" classname="co.setu.api.automation.CreateJiraTicket"/>
</testsuite> <!-- Test -->
