<?xml version="1.0" encoding="UTF-8"?>
<!-- Generated by org.testng.reporters.JUnitXMLReporter -->
<testsuite hostname="DESKTOP-ACILHS4" ignored="0" name="Command line test" tests="2" failures="0" timestamp="15 Aug 2020 08:07:19 GMT" time="6.459" errors="0">
  <testcase name="corporateListAPITest2" time="4.63" classname="co.setu.api.automation.GetCorporateListTest"/>
  <testcase name="corporateListAPITest2" time="1.79" classname="co.setu.api.automation.GetCorporateListTest"/>
</testsuite> <!-- Command line test -->
