<?xml version="1.0" encoding="UTF-8"?>
<!-- Generated by org.testng.reporters.JUnitXMLReporter -->
<testsuite hostname="DESKTOP-ACILHS4" ignored="0" name="Default test" tests="14" failures="0" timestamp="17 Aug 2020 12:52:48 GMT" time="14.203" errors="0">
  <testcase name="createATicket" time="5.273" classname="co.setu.api.automation.CreateJiraTicket"/>
  <testcase name="createATicket" time="5.463" classname="co.setu.api.automation.CreateJiraTicket"/>
  <testcase name="createATicket" time="2.236" classname="co.setu.api.automation.CreateJiraTicket"/>
  <testcase name="createATicket" time="2.326" classname="co.setu.api.automation.CreateJiraTicket"/>
  <testcase name="createATicket" time="2.215" classname="co.setu.api.automation.CreateJiraTicket"/>
  <testcase name="createATicket" time="2.191" classname="co.setu.api.automation.CreateJiraTicket"/>
  <testcase name="createATicket" time="1.715" classname="co.setu.api.automation.CreateJiraTicket"/>
  <testcase name="createATicket" time="1.777" classname="co.setu.api.automation.CreateJiraTicket"/>
  <testcase name="createATicket" time="1.67" classname="co.setu.api.automation.CreateJiraTicket"/>
  <testcase name="createATicket" time="0.003" classname="co.setu.api.automation.CreateJiraTicket"/>
  <testcase name="createATicket" time="0.005" classname="co.setu.api.automation.CreateJiraTicket"/>
  <testcase name="createATicket" time="1.734" classname="co.setu.api.automation.CreateJiraTicket"/>
  <testcase name="createATicket" time="0.003" classname="co.setu.api.automation.CreateJiraTicket"/>
  <testcase name="createATicket" time="0.004" classname="co.setu.api.automation.CreateJiraTicket"/>
</testsuite> <!-- Default test -->
